[debug] [2023-04-16T05:37:43.236Z] ----------------------------------------------------------------------
[debug] [2023-04-16T05:37:43.239Z] Command:       C:\Program Files\nodejs\node.exe C:\Users\pc\AppData\Roaming\npm\node_modules\firebase-tools\lib\bin\firebase.js init
[debug] [2023-04-16T05:37:43.241Z] CLI Version:   11.27.0
[debug] [2023-04-16T05:37:43.242Z] Platform:      win32
[debug] [2023-04-16T05:37:43.242Z] Node Version:  v18.12.1
[debug] [2023-04-16T05:37:43.244Z] Time:          Sun Apr 16 2023 05:37:43 GMT+0000 (Greenwich Mean Time)
[debug] [2023-04-16T05:37:43.244Z] ----------------------------------------------------------------------
[debug] 
[debug] [2023-04-16T05:37:43.250Z] >>> [apiv2][query] GET https://firebase-public.firebaseio.com/cli.json [none]
[debug] [2023-04-16T05:37:43.340Z] > command requires scopes: ["email","openid","https://www.googleapis.com/auth/cloudplatformprojects.readonly","https://www.googleapis.com/auth/firebase","https://www.googleapis.com/auth/cloud-platform"]
[debug] [2023-04-16T05:37:43.341Z] > authorizing via signed-in user (olotudav22@gmail.com)
[info] 
     ######## #### ########  ######## ########     ###     ######  ########
     ##        ##  ##     ## ##       ##     ##  ##   ##  ##       ##
     ######    ##  ########  ######   ########  #########  ######  ######
     ##        ##  ##    ##  ##       ##     ## ##     ##       ## ##
     ##       #### ##     ## ######## ########  ##     ##  ######  ########

You're about to initialize a Firebase project in this directory:

  C:\Users\pc\Documents\Front End Development\React\Shopify 3.0\shopify

[debug] [2023-04-16T05:37:43.974Z] <<< [apiv2][status] GET https://firebase-public.firebaseio.com/cli.json 200
[debug] [2023-04-16T05:37:43.976Z] <<< [apiv2][body] GET https://firebase-public.firebaseio.com/cli.json {"cloudBuildErrorAfter":1594252800000,"cloudBuildWarnAfter":1590019200000,"defaultNode10After":1594252800000,"minVersion":"3.0.5","node8DeploysDisabledAfter":1613390400000,"node8RuntimeDisabledAfter":1615809600000,"node8WarnAfter":1600128000000}
